[debug] [2020-09-13T20:09:40.093Z] ----------------------------------------------------------------------
[debug] [2020-09-13T20:09:40.094Z] Command:       D:\Program Files\nodejs\node.exe C:\Users\andre\AppData\Roaming\npm\node_modules\firebase-tools\lib\bin\firebase.js deploy
[debug] [2020-09-13T20:09:40.095Z] CLI Version:   8.10.0
[debug] [2020-09-13T20:09:40.095Z] Platform:      win32
[debug] [2020-09-13T20:09:40.095Z] Node Version:  v12.18.2
[debug] [2020-09-13T20:09:40.095Z] Time:          Sun Sep 13 2020 23:09:40 GMT+0300 (GMT+03:00)
[debug] [2020-09-13T20:09:40.096Z] ----------------------------------------------------------------------
[debug] [2020-09-13T20:09:40.096Z] 
[debug] [2020-09-13T20:09:40.103Z] > command requires scopes: ["email","openid","https://www.googleapis.com/auth/cloudplatformprojects.readonly","https://www.googleapis.com/auth/firebase","https://www.googleapis.com/auth/cloud-platform"]
[debug] [2020-09-13T20:09:40.104Z] > authorizing via signed-in user
[debug] [2020-09-13T20:09:40.104Z] [iam] checking project fpmispiralarms for permissions ["firebase.projects.get","firebasehosting.sites.update"]
[debug] [2020-09-13T20:09:40.106Z] >>> HTTP REQUEST POST https://cloudresourcemanager.googleapis.com/v1/projects/fpmispiralarms:testIamPermissions  
 {"permissions":["firebase.projects.get","firebasehosting.sites.update"]}
[debug] [2020-09-13T20:09:40.415Z] <<< HTTP RESPONSE 200 {"content-type":"application/json; charset=UTF-8","vary":"X-Origin, Referer, Origin,Accept-Encoding","date":"Sun, 13 Sep 2020 20:09:40 GMT","server":"ESF","cache-control":"private","x-xss-protection":"0","x-frame-options":"SAMEORIGIN","x-content-type-options":"nosniff","server-timing":"gfet4t7; dur=122","alt-svc":"h3-29=\":443\"; ma=2592000,h3-27=\":443\"; ma=2592000,h3-T051=\":443\"; ma=2592000,h3-T050=\":443\"; ma=2592000,h3-Q050=\":443\"; ma=2592000,h3-Q046=\":443\"; ma=2592000,h3-Q043=\":443\"; ma=2592000,quic=\":443\"; ma=2592000; v=\"46,43\"","accept-ranges":"none","transfer-encoding":"chunked"}
[debug] [2020-09-13T20:09:40.417Z] >>> HTTP REQUEST GET https://firebase.googleapis.com/v1beta1/projects/fpmispiralarms  
 
[debug] [2020-09-13T20:09:40.721Z] <<< HTTP RESPONSE 200 {"content-type":"application/json; charset=UTF-8","vary":"X-Origin, Referer, Origin,Accept-Encoding","date":"Sun, 13 Sep 2020 20:09:40 GMT","server":"ESF","cache-control":"private","x-xss-protection":"0","x-frame-options":"SAMEORIGIN","x-content-type-options":"nosniff","alt-svc":"h3-29=\":443\"; ma=2592000,h3-27=\":443\"; ma=2592000,h3-T051=\":443\"; ma=2592000,h3-T050=\":443\"; ma=2592000,h3-Q050=\":443\"; ma=2592000,h3-Q046=\":443\"; ma=2592000,h3-Q043=\":443\"; ma=2592000,quic=\":443\"; ma=2592000; v=\"46,43\"","accept-ranges":"none","transfer-encoding":"chunked"}
[info] 
[info] === Deploying to 'fpmispiralarms'...
[info] 
[info] i  deploying hosting 
[debug] [2020-09-13T20:09:40.763Z] >>> HTTP REQUEST POST https://firebasehosting.googleapis.com/v1beta1/sites/fpmispiralarms/versions  
 {"config":{"rewrites":[{"glob":"**","path":"/index.html"}]},"labels":{"deployment-tool":"cli-firebase"}}
[debug] [2020-09-13T20:09:42.123Z] <<< HTTP RESPONSE 200 {"content-type":"application/json; charset=UTF-8","vary":"X-Origin, Referer, Origin,Accept-Encoding","date":"Sun, 13 Sep 2020 20:09:42 GMT","server":"ESF","cache-control":"private","x-xss-protection":"0","x-frame-options":"SAMEORIGIN","x-content-type-options":"nosniff","alt-svc":"h3-29=\":443\"; ma=2592000,h3-27=\":443\"; ma=2592000,h3-T051=\":443\"; ma=2592000,h3-T050=\":443\"; ma=2592000,h3-Q050=\":443\"; ma=2592000,h3-Q046=\":443\"; ma=2592000,h3-Q043=\":443\"; ma=2592000,quic=\":443\"; ma=2592000; v=\"46,43\"","accept-ranges":"none","transfer-encoding":"chunked"}
[info] i  hosting[fpmispiralarms]: beginning deploy... 
[info] i  hosting[fpmispiralarms]: found 68 files in dist 
[debug] [2020-09-13T20:09:42.704Z] [hosting] hash cache [ZGlzdA] stored for 68 files
[debug] [2020-09-13T20:09:42.704Z] [hosting][hash queue][FINAL] {"max":510,"min":19,"avg":37.73529411764706,"active":0,"complete":68,"success":68,"errored":0,"retried":0,"total":68,"elapsed":553}
[debug] [2020-09-13T20:09:42.704Z] >>> HTTP REQUEST POST https://firebasehosting.googleapis.com/v1beta1/sites/fpmispiralarms/versions/9b253bd145e1aebb:populateFiles  
 <request body omitted>
[debug] [2020-09-13T20:09:43.931Z] <<< HTTP RESPONSE 200 {"content-type":"application/json; charset=UTF-8","vary":"X-Origin, Referer, Origin,Accept-Encoding","date":"Sun, 13 Sep 2020 20:09:44 GMT","server":"ESF","cache-control":"private","x-xss-protection":"0","x-frame-options":"SAMEORIGIN","x-content-type-options":"nosniff","alt-svc":"h3-29=\":443\"; ma=2592000,h3-27=\":443\"; ma=2592000,h3-T051=\":443\"; ma=2592000,h3-T050=\":443\"; ma=2592000,h3-Q050=\":443\"; ma=2592000,h3-Q046=\":443\"; ma=2592000,h3-Q043=\":443\"; ma=2592000,quic=\":443\"; ma=2592000; v=\"46,43\"","accept-ranges":"none","transfer-encoding":"chunked"}
[debug] [2020-09-13T20:09:43.935Z] [hosting][populate queue][FINAL] {"max":1231,"min":1231,"avg":1231,"active":0,"complete":1,"success":1,"errored":0,"retried":0,"total":1,"elapsed":1233}
[debug] [2020-09-13T20:09:43.935Z] [hosting] uploads queued: 8
[debug] [2020-09-13T20:09:46.241Z] [hosting][upload queue][FINAL] {"max":2309,"min":1772,"avg":1908.75,"active":0,"complete":8,"success":8,"errored":0,"retried":0,"total":8,"elapsed":2309}
[info] +  hosting[fpmispiralarms]: file upload complete 
[debug] [2020-09-13T20:09:46.242Z] [hosting] deploy completed after 4118ms
[debug] [2020-09-13T20:09:46.243Z] [
  {
    "config": {
      "public": "dist",
      "ignore": [
        "firebase.json",
        "**/.*",
        "**/node_modules/**"
      ],
      "rewrites": [
        {
          "source": "**",
          "destination": "/index.html"
        }
      ],
      "site": "fpmispiralarms"
    },
    "site": "fpmispiralarms",
    "version": "sites/fpmispiralarms/versions/9b253bd145e1aebb"
  }
]
[info] i  hosting[fpmispiralarms]: finalizing version... 
[debug] [2020-09-13T20:09:46.243Z] >>> HTTP REQUEST PATCH https://firebasehosting.googleapis.com/v1beta1/sites/fpmispiralarms/versions/9b253bd145e1aebb?updateMask=status  
 {"status":"FINALIZED"}
[debug] [2020-09-13T20:09:47.274Z] <<< HTTP RESPONSE 200 {"content-type":"application/json; charset=UTF-8","vary":"X-Origin, Referer, Origin,Accept-Encoding","date":"Sun, 13 Sep 2020 20:09:47 GMT","server":"ESF","cache-control":"private","x-xss-protection":"0","x-frame-options":"SAMEORIGIN","x-content-type-options":"nosniff","alt-svc":"h3-29=\":443\"; ma=2592000,h3-27=\":443\"; ma=2592000,h3-T051=\":443\"; ma=2592000,h3-T050=\":443\"; ma=2592000,h3-Q050=\":443\"; ma=2592000,h3-Q046=\":443\"; ma=2592000,h3-Q043=\":443\"; ma=2592000,quic=\":443\"; ma=2592000; v=\"46,43\"","accept-ranges":"none","transfer-encoding":"chunked"}
[debug] [2020-09-13T20:09:47.274Z] [hosting] finalized version for fpmispiralarms: {"name":"sites/fpmispiralarms/versions/9b253bd145e1aebb","status":"FINALIZED","config":{"rewrites":[{"glob":"**","path":"/index.html"}]},"labels":{"deployment-tool":"cli-firebase"},"createTime":"2020-09-13T20:09:41.838293Z","createUser":{"email":"andreipetrov080@gmail.com"},"finalizeTime":"2020-09-13T20:09:47.464312Z","finalizeUser":{"email":"andreipetrov080@gmail.com"}}
[info] +  hosting[fpmispiralarms]: version finalized 
[info] i  hosting[fpmispiralarms]: releasing new version... 
[debug] [2020-09-13T20:09:47.276Z] >>> HTTP REQUEST POST https://firebasehosting.googleapis.com/v1beta1/sites/fpmispiralarms/releases?version_name=sites/fpmispiralarms/versions/9b253bd145e1aebb  
 {"message":null}
